


----------------------------------------------------------------------------
                              POINT: DESIGN
----------------------------------------------------------------------------
                       PERFORMANCE CHARACTERISTICS
    Mach      Alt       W      Fn      Fg    Fram     OPR     TSFC      BPR 
 0.80000  35000.0 344.303  5900.0 14232.2  8332.2  30.094  0.63072    5.105
------------------------------------------------------------------------------------------------------------------------------------------------
                            FLOW STATIONS
------------------------------------------------------------------------------------------------------------------------------------------------
------------------------------------------------------------------------------------------------------------------------------------------------
Flow Station           |          tot:P        tot:T        tot:h        tot:S       stat:P       stat:W      stat:MN       stat:V    stat:area
------------------------------------------------------------------------------------------------------------------------------------------------
DESIGN.Amb.Fl_O        |          5.273      444.404      -23.983        1.665        3.458      344.303        0.800      778.619     2687.027
DESIGN.inlet.Fl_O      |          5.267      444.404      -23.983        1.665        3.623      344.303        0.751      735.912     2750.930
DESIGN.fan.Fl_O        |          8.876      524.338       -4.822        1.668        7.687      344.303        0.458      503.511     2388.267
DESIGN.splitter.Fl_O1  |          8.876      524.338       -4.822        1.668        8.302       56.397        0.310      345.152      540.175
DESIGN.splitter.Fl_O2  |          8.876      524.338       -4.822        1.668        7.715      287.906        0.452      497.172     2017.239
DESIGN.duct4.Fl_O      |          8.833      524.338       -4.822        1.669        8.256       56.397        0.312      347.007      540.160
DESIGN.lpc.Fl_O        |         17.092      641.883       23.430        1.672       16.019       56.397        0.306      376.175      314.644
DESIGN.duct6.Fl_O      |         16.919      641.883       23.430        1.673       15.499       56.397        0.356      436.748      278.279
DESIGN.hpc.Fl_O        |        158.515     1276.476      180.824        1.689      152.230       49.884        0.244      419.921       52.574
DESIGN.bld3.Fl_O       |        158.515     1276.476      180.824        1.689      149.148       41.480        0.300      514.548       36.216
DESIGN.burner.Fl_O     |        149.955     2857.000      176.427        1.947      148.948       42.514        0.102      256.960      169.041
DESIGN.hpt.Fl_O        |         41.484     2052.072        9.419        1.932       38.045       50.918        0.365      776.801      184.766
DESIGN.duct11.Fl_O     |         41.273     2052.072        9.419        1.933       38.826       50.918        0.306      653.736      216.439
DESIGN.lpt.Fl_O        |          9.454     1443.644     -132.958        1.934        8.446       54.921        0.413      741.996      655.808
DESIGN.duct13.Fl_O     |          9.353     1443.644     -132.958        1.935        8.200       54.921        0.446      800.599      623.049
DESIGN.core_nozz.Fl_O  |          9.353     1443.644     -132.958        1.935        5.014       54.921        1.000     1689.874      425.187
DESIGN.byp_bld.Fl_O    |          8.876      524.338       -4.822        1.668        7.729      286.467        0.449      494.104     2017.081
DESIGN.duct15.Fl_O     |          8.743      524.338       -4.822        1.669        7.567      286.467        0.459      504.672     2013.471
DESIGN.byp_nozz.Fl_O   |          8.743      524.338       -4.822        1.669        4.617      286.467        1.000     1024.915     1410.699
------------------------------------------------------------------------------------------------------------------------------------------------
-------------------------------------------------------------------------------------------------------------------------------------------------------------------------------------------------------
                          COMPRESSOR PROPERTIES
-------------------------------------------------------------------------------------------------------------------------------------------------------------------------------------------------------
Compressor    |           Wc         Pr      eta_a      eta_p         Nc        pwr   RlineMap      NcMap      PRmap      WcMap   alphaMap        SMN        SMW     effMap
-------------------------------------------------------------------------------------------------------------------------------------------------------------------------------------------------------
DESIGN.fan    |      889.176      1.685      0.895      0.902   5040.927  -9334.121      2.200      0.990      1.685    803.556      0.000     36.641     29.886      0.895
DESIGN.lpc    |       94.343      1.935      0.924      0.931   4640.810  -2254.348      2.150      1.000      1.935     87.666      0.000     15.987     15.644      0.924
DESIGN.hpc    |       54.495      9.369      0.871      0.903  13219.143 -11833.790      2.050      0.976      9.374     49.454      0.000     22.598     22.468      0.871
-------------------------------------------------------------------------------------------------------------------------------------------------------------------------------------------------------
---------------------------------------------------------------------------
                            BURNER PROPERTIES
---------------------------------------------------------------------------
Burner              |           dPqP        TtOut        Wfuel          FAR
DESIGN.burner       |         0.0540      2857.00       1.0337      0.02492
--------------------------------------------------------------------------------------------------------------------------------------
                            TURBINE PROPERTIES
--------------------------------------------------------------------------------------------------------------------------------------
Turbine       |             Wp           PR        eff_a        eff_p           Np          pwr        NpMap        PRmap     alphaMap
DESIGN.hpt    |         15.154        3.615        0.889        0.873      275.125    12083.790      100.000        6.000        1.000
DESIGN.lpt    |         55.886        4.366        0.900        0.881      103.005    11588.469      100.000        6.000        1.000
-------------------------------------------------------------------------------------------------------------------------
                            NOZZLE PROPERTIES
-------------------------------------------------------------------------------------------------------------------------
Nozzle        |             PR           Cv          Cfg          Ath         MNth        MNout            V           Fg
DESIGN.core_nozz|          2.705        0.993        N/A        425.187        1.000        1.000     1689.874     3526.770
DESIGN.byp_nozz|          2.528        0.994        N/A       1410.699        1.000        1.000     1024.915    10705.455
---------------------------------------------------------------------------------------------------------------------------
                            SHAFT PROPERTIES
---------------------------------------------------------------------------------------------------------------------------
Shaft               |                 Nmech               trqin              trqout               pwrin              pwrout
DESIGN.hp_shaft     |             14705.700            4315.700           -4226.413           12083.783          -11833.783
DESIGN.lp_shaft     |              4666.100           13043.852          -13043.852           11588.463          -11588.463
--------------------------------------------------------------------------------------------------------------------
                            BLEED PROPERTIES
--------------------------------------------------------------------------------------------------------------------
Bleed                 |         Wb/Win        Pfrac     Workfrac            W           Tt           ht           Pt
DESIGN.hpc.cool1      |          0.051        0.500        0.500        2.860      964.609      102.127       87.717
DESIGN.hpc.cool2      |          0.020        0.550        0.500        1.143      964.609      102.127       94.797
DESIGN.hpc.cust       |          0.044        0.500        0.500        2.510      964.609      102.127       87.717
DESIGN.bld3.cool3     |          0.067        1.000        1.000        3.353     1276.476      180.824      158.515
DESIGN.bld3.cool4     |          0.101        1.000        1.000        5.051     1276.476      180.824      158.515
DESIGN.byp_bld.bypBld |          0.005        1.000        1.000        1.440      524.338       -4.822        8.876



----------------------------------------------------------------------------
                              POINT: OD_part_pwr
----------------------------------------------------------------------------
                       PERFORMANCE CHARACTERISTICS
    Mach      Alt       W      Fn      Fg    Fram     OPR     TSFC      BPR 
 0.00000      0.0 300.000 11434.5 11434.5     0.0  31.978  0.28072    5.105
------------------------------------------------------------------------------------------------------------------------------------------------
                            FLOW STATIONS
------------------------------------------------------------------------------------------------------------------------------------------------
------------------------------------------------------------------------------------------------------------------------------------------------
Flow Station           |          tot:P        tot:T        tot:h        tot:S       stat:P       stat:W      stat:MN       stat:V    stat:area
------------------------------------------------------------------------------------------------------------------------------------------------
OD_part_pwr.Amb.Fl_O   |         14.696      500.000      -10.659        1.622        1.000      300.000        0.000        0.000          nan
OD_part_pwr.inlet.Fl_O |         14.681      500.000      -10.659        1.623       14.337      300.000        0.184      201.539     2750.930
OD_part_pwr.fan.Fl_O   |         25.525      594.470       12.020        1.626       25.217      300.000        0.132      157.443     2388.267
OD_part_pwr.splitter.Fl|         25.525      594.470       12.020        1.626       25.365       49.140        0.095      113.546      540.175
OD_part_pwr.splitter.Fl|         25.525      594.470       12.020        1.626       25.223      250.860        0.131      155.841     2017.239
OD_part_pwr.duct4.Fl_O |         25.403      594.470       12.020        1.627       25.241       49.140        0.096      114.102      540.160
OD_part_pwr.lpc.Fl_O   |         50.031      730.574       44.853        1.630       49.734       49.140        0.092      122.193      314.644
OD_part_pwr.duct6.Fl_O |         49.526      730.574       44.853        1.630       49.141       49.140        0.106      139.754      278.279
OD_part_pwr.hpc.Fl_O   |        469.480     1443.894      224.344        1.647      467.730       43.465        0.074      136.031       52.574
OD_part_pwr.bld3.Fl_O  |        469.480     1443.894      224.344        1.647      466.925       36.143        0.090      164.414       36.216
OD_part_pwr.burner.Fl_O|        444.128     2979.514      218.942        1.885      443.861       37.034        0.031       78.443      169.041
OD_part_pwr.hpt.Fl_O   |        122.865     2159.113       44.211        1.872      122.019       44.357        0.103      226.248      184.766
OD_part_pwr.duct11.Fl_O|        122.239     2159.113       44.211        1.873      121.620       44.357        0.088      193.857      216.439
OD_part_pwr.lpt.Fl_O   |         28.000     1527.551     -106.670        1.875       27.757       47.845        0.114      213.716      655.808
OD_part_pwr.duct13.Fl_O|         27.701     1527.551     -106.670        1.876       27.428       47.845        0.122      227.585      623.049
OD_part_pwr.core_nozz.F|         27.701     1527.551     -106.670        1.876       14.871       47.845        1.000     1737.066      128.799
OD_part_pwr.byp_bld.Fl_|         25.525      594.470       12.020        1.626       25.226      249.606        0.130      155.061     2017.081
OD_part_pwr.duct15.Fl_O|         25.145      594.470       12.020        1.627       24.840      249.606        0.132      157.734     2013.471
OD_part_pwr.byp_nozz.Fl|         25.145      594.470       12.020        1.627       13.281      249.606        1.000     1091.287      455.174
------------------------------------------------------------------------------------------------------------------------------------------------
-------------------------------------------------------------------------------------------------------------------------------------------------------------------------------------------------------
                          COMPRESSOR PROPERTIES
-------------------------------------------------------------------------------------------------------------------------------------------------------------------------------------------------------
Compressor    |           Wc         Pr      eta_a      eta_p         Nc        pwr   RlineMap      NcMap      PRmap      WcMap   alphaMap        SMN        SMW     effMap
-------------------------------------------------------------------------------------------------------------------------------------------------------------------------------------------------------
OD_part_pwr.fan|      294.845      1.739      0.906      0.913   5092.494  -9626.102      2.000      0.990      1.739    799.849      0.000     31.814      4.425      0.906
OD_part_pwr.lpc|       30.435      1.970      0.928      0.934   4670.361  -2282.806      2.000      1.000      1.970     87.460      0.000     13.687      9.637      0.928
OD_part_pwr.hpc|       17.306      9.480      0.872      0.904  12638.765 -11758.662      2.000      0.976      9.485     49.421      0.000     21.088     17.508      0.872
-------------------------------------------------------------------------------------------------------------------------------------------------------------------------------------------------------
---------------------------------------------------------------------------
                            BURNER PROPERTIES
---------------------------------------------------------------------------
Burner              |           dPqP        TtOut        Wfuel          FAR
OD_part_pwr.burner  |         0.0540      2979.51       0.8916      0.02467
--------------------------------------------------------------------------------------------------------------------------------------
                            TURBINE PROPERTIES
--------------------------------------------------------------------------------------------------------------------------------------
Turbine       |             Wp           PR        eff_a        eff_p           Np          pwr        NpMap        PRmap     alphaMap
OD_part_pwr.hpt|          4.552        3.615        0.889        0.873      274.801    11021.863      100.000        6.000        1.000
OD_part_pwr.lpt|         16.861        4.366        0.900        0.882      107.605    10659.707      100.000        6.000        1.000
-------------------------------------------------------------------------------------------------------------------------
                            NOZZLE PROPERTIES
-------------------------------------------------------------------------------------------------------------------------
Nozzle        |             PR           Cv          Cfg          Ath         MNth        MNout            V           Fg
OD_part_pwr.core_nozz|          2.000        0.993        N/A        128.799        1.000        1.000     1737.066     2697.331
OD_part_pwr.byp_nozz|          2.000        0.994        N/A        455.174        1.000        1.000     1091.287     8737.125
---------------------------------------------------------------------------------------------------------------------------
                            SHAFT PROPERTIES
---------------------------------------------------------------------------------------------------------------------------
Shaft               |                 Nmech               trqin              trqout               pwrin              pwrout
OD_part_pwr.hp_shaft|             15000.000            3859.202           -4117.186           11021.857          -11758.655
OD_part_pwr.lp_shaft|              5000.000           11197.191          -12509.378           10659.701          -11908.900
-------------------------------------------------------------------------------------------------------------------------
                            BLEED PROPERTIES
-------------------------------------------------------------------------------------------------------------------------
Bleed                      |         Wb/Win        Pfrac     Workfrac            W           Tt           ht           Pt
OD_part_pwr.hpc.cool1      |          0.051        0.500        0.500        2.492     1094.744      134.599      259.503
OD_part_pwr.hpc.cool2      |          0.020        0.550        0.500        0.996     1094.744      134.599      280.500
OD_part_pwr.hpc.cust       |          0.044        0.500        0.500        2.187     1094.744      134.599      259.503
OD_part_pwr.bld3.cool3     |          0.067        1.000        1.000        2.921     1443.894      224.344      469.480
OD_part_pwr.bld3.cool4     |          0.101        1.000        1.000        4.401     1443.894      224.344      469.480
OD_part_pwr.byp_bld.bypBld |          0.005        1.000        1.000        1.254      594.470       12.020       25.525



----------------------------------------------------------------------------
                              POINT: OD_part_pwr
----------------------------------------------------------------------------
                       PERFORMANCE CHARACTERISTICS
    Mach      Alt       W      Fn      Fg    Fram     OPR     TSFC      BPR 
 0.00000      0.0 300.000 11434.5 11434.5     0.0  31.978  0.28072    5.105
------------------------------------------------------------------------------------------------------------------------------------------------
                            FLOW STATIONS
------------------------------------------------------------------------------------------------------------------------------------------------
------------------------------------------------------------------------------------------------------------------------------------------------
Flow Station           |          tot:P        tot:T        tot:h        tot:S       stat:P       stat:W      stat:MN       stat:V    stat:area
------------------------------------------------------------------------------------------------------------------------------------------------
OD_part_pwr.Amb.Fl_O   |         14.696      500.000      -10.659        1.622        1.000      300.000        0.000        0.000          nan
OD_part_pwr.inlet.Fl_O |         14.681      500.000      -10.659        1.623       14.337      300.000        0.184      201.539     2750.930
OD_part_pwr.fan.Fl_O   |         25.525      594.470       12.020        1.626       25.217      300.000        0.132      157.443     2388.267
OD_part_pwr.splitter.Fl|         25.525      594.470       12.020        1.626       25.365       49.140        0.095      113.546      540.175
OD_part_pwr.splitter.Fl|         25.525      594.470       12.020        1.626       25.223      250.860        0.131      155.841     2017.239
OD_part_pwr.duct4.Fl_O |         25.403      594.470       12.020        1.627       25.241       49.140        0.096      114.102      540.160
OD_part_pwr.lpc.Fl_O   |         50.031      730.574       44.853        1.630       49.734       49.140        0.092      122.193      314.644
OD_part_pwr.duct6.Fl_O |         49.526      730.574       44.853        1.630       49.141       49.140        0.106      139.754      278.279
OD_part_pwr.hpc.Fl_O   |        469.480     1443.894      224.344        1.647      467.730       43.465        0.074      136.031       52.574
OD_part_pwr.bld3.Fl_O  |        469.480     1443.894      224.344        1.647      466.925       36.143        0.090      164.414       36.216
OD_part_pwr.burner.Fl_O|        444.128     2979.514      218.942        1.885      443.861       37.034        0.031       78.443      169.041
OD_part_pwr.hpt.Fl_O   |        122.865     2159.113       44.211        1.872      122.019       44.357        0.103      226.248      184.766
OD_part_pwr.duct11.Fl_O|        122.239     2159.113       44.211        1.873      121.620       44.357        0.088      193.857      216.439
OD_part_pwr.lpt.Fl_O   |         28.000     1527.551     -106.670        1.875       27.757       47.845        0.114      213.716      655.808
OD_part_pwr.duct13.Fl_O|         27.701     1527.551     -106.670        1.876       27.428       47.845        0.122      227.585      623.049
OD_part_pwr.core_nozz.F|         27.701     1527.551     -106.670        1.876       14.871       47.845        1.000     1737.066      128.799
OD_part_pwr.byp_bld.Fl_|         25.525      594.470       12.020        1.626       25.226      249.606        0.130      155.061     2017.081
OD_part_pwr.duct15.Fl_O|         25.145      594.470       12.020        1.627       24.840      249.606        0.132      157.734     2013.471
OD_part_pwr.byp_nozz.Fl|         25.145      594.470       12.020        1.627       13.281      249.606        1.000     1091.287      455.174
------------------------------------------------------------------------------------------------------------------------------------------------
-------------------------------------------------------------------------------------------------------------------------------------------------------------------------------------------------------
                          COMPRESSOR PROPERTIES
-------------------------------------------------------------------------------------------------------------------------------------------------------------------------------------------------------
Compressor    |           Wc         Pr      eta_a      eta_p         Nc        pwr   RlineMap      NcMap      PRmap      WcMap   alphaMap        SMN        SMW     effMap
-------------------------------------------------------------------------------------------------------------------------------------------------------------------------------------------------------
OD_part_pwr.fan|      294.845      1.739      0.906      0.913   5092.494  -9626.102      2.000      0.990      1.739    799.849      0.000     31.814      4.425      0.906
OD_part_pwr.lpc|       30.435      1.970      0.928      0.934   4670.361  -2282.806      2.000      1.000      1.970     87.460      0.000     13.687      9.637      0.928
OD_part_pwr.hpc|       17.306      9.480      0.872      0.904  12638.765 -11758.662      2.000      0.976      9.485     49.421      0.000     21.088     17.508      0.872
-------------------------------------------------------------------------------------------------------------------------------------------------------------------------------------------------------
---------------------------------------------------------------------------
                            BURNER PROPERTIES
---------------------------------------------------------------------------
Burner              |           dPqP        TtOut        Wfuel          FAR
OD_part_pwr.burner  |         0.0540      2979.51       0.8916      0.02467
--------------------------------------------------------------------------------------------------------------------------------------
                            TURBINE PROPERTIES
--------------------------------------------------------------------------------------------------------------------------------------
Turbine       |             Wp           PR        eff_a        eff_p           Np          pwr        NpMap        PRmap     alphaMap
OD_part_pwr.hpt|          4.552        3.615        0.889        0.873      274.801    11021.863      100.000        6.000        1.000
OD_part_pwr.lpt|         16.861        4.366        0.900        0.882      107.605    10659.707      100.000        6.000        1.000
-------------------------------------------------------------------------------------------------------------------------
                            NOZZLE PROPERTIES
-------------------------------------------------------------------------------------------------------------------------
Nozzle        |             PR           Cv          Cfg          Ath         MNth        MNout            V           Fg
OD_part_pwr.core_nozz|          2.000        0.993        N/A        128.799        1.000        1.000     1737.066     2697.331
OD_part_pwr.byp_nozz|          2.000        0.994        N/A        455.174        1.000        1.000     1091.287     8737.125
---------------------------------------------------------------------------------------------------------------------------
                            SHAFT PROPERTIES
---------------------------------------------------------------------------------------------------------------------------
Shaft               |                 Nmech               trqin              trqout               pwrin              pwrout
OD_part_pwr.hp_shaft|             15000.000            3859.202           -4117.186           11021.857          -11758.655
OD_part_pwr.lp_shaft|              5000.000           11197.191          -12509.378           10659.701          -11908.900
-------------------------------------------------------------------------------------------------------------------------
                            BLEED PROPERTIES
-------------------------------------------------------------------------------------------------------------------------
Bleed                      |         Wb/Win        Pfrac     Workfrac            W           Tt           ht           Pt
OD_part_pwr.hpc.cool1      |          0.051        0.500        0.500        2.492     1094.744      134.599      259.503
OD_part_pwr.hpc.cool2      |          0.020        0.550        0.500        0.996     1094.744      134.599      280.500
OD_part_pwr.hpc.cust       |          0.044        0.500        0.500        2.187     1094.744      134.599      259.503
OD_part_pwr.bld3.cool3     |          0.067        1.000        1.000        2.921     1443.894      224.344      469.480
OD_part_pwr.bld3.cool4     |          0.101        1.000        1.000        4.401     1443.894      224.344      469.480
OD_part_pwr.byp_bld.bypBld |          0.005        1.000        1.000        1.254      594.470       12.020       25.525



----------------------------------------------------------------------------
                              POINT: OD_part_pwr
----------------------------------------------------------------------------
                       PERFORMANCE CHARACTERISTICS
    Mach      Alt       W      Fn      Fg    Fram     OPR     TSFC      BPR 
 0.00000      0.0 300.000 11434.5 11434.5     0.0  31.978  0.28072    5.105
------------------------------------------------------------------------------------------------------------------------------------------------
                            FLOW STATIONS
------------------------------------------------------------------------------------------------------------------------------------------------
------------------------------------------------------------------------------------------------------------------------------------------------
Flow Station           |          tot:P        tot:T        tot:h        tot:S       stat:P       stat:W      stat:MN       stat:V    stat:area
------------------------------------------------------------------------------------------------------------------------------------------------
OD_part_pwr.Amb.Fl_O   |         14.696      500.000      -10.659        1.622        1.000      300.000        0.000        0.000          nan
OD_part_pwr.inlet.Fl_O |         14.681      500.000      -10.659        1.623       14.337      300.000        0.184      201.539     2750.930
OD_part_pwr.fan.Fl_O   |         25.525      594.470       12.020        1.626       25.217      300.000        0.132      157.443     2388.267
OD_part_pwr.splitter.Fl|         25.525      594.470       12.020        1.626       25.365       49.140        0.095      113.546      540.175
OD_part_pwr.splitter.Fl|         25.525      594.470       12.020        1.626       25.223      250.860        0.131      155.841     2017.239
OD_part_pwr.duct4.Fl_O |         25.403      594.470       12.020        1.627       25.241       49.140        0.096      114.102      540.160
OD_part_pwr.lpc.Fl_O   |         50.031      730.574       44.853        1.630       49.734       49.140        0.092      122.193      314.644
OD_part_pwr.duct6.Fl_O |         49.526      730.574       44.853        1.630       49.141       49.140        0.106      139.754      278.279
OD_part_pwr.hpc.Fl_O   |        469.480     1443.894      224.344        1.647      467.730       43.465        0.074      136.031       52.574
OD_part_pwr.bld3.Fl_O  |        469.480     1443.894      224.344        1.647      466.925       36.143        0.090      164.414       36.216
OD_part_pwr.burner.Fl_O|        444.128     2979.514      218.942        1.885      443.861       37.034        0.031       78.443      169.041
OD_part_pwr.hpt.Fl_O   |        122.865     2159.113       44.211        1.872      122.019       44.357        0.103      226.248      184.766
OD_part_pwr.duct11.Fl_O|        122.239     2159.113       44.211        1.873      121.620       44.357        0.088      193.857      216.439
OD_part_pwr.lpt.Fl_O   |         28.000     1527.551     -106.670        1.875       27.757       47.845        0.114      213.716      655.808
OD_part_pwr.duct13.Fl_O|         27.701     1527.551     -106.670        1.876       27.428       47.845        0.122      227.585      623.049
OD_part_pwr.core_nozz.F|         27.701     1527.551     -106.670        1.876       14.871       47.845        1.000     1737.066      128.799
OD_part_pwr.byp_bld.Fl_|         25.525      594.470       12.020        1.626       25.226      249.606        0.130      155.061     2017.081
OD_part_pwr.duct15.Fl_O|         25.145      594.470       12.020        1.627       24.840      249.606        0.132      157.734     2013.471
OD_part_pwr.byp_nozz.Fl|         25.145      594.470       12.020        1.627       13.281      249.606        1.000     1091.287      455.174
------------------------------------------------------------------------------------------------------------------------------------------------
-------------------------------------------------------------------------------------------------------------------------------------------------------------------------------------------------------
                          COMPRESSOR PROPERTIES
-------------------------------------------------------------------------------------------------------------------------------------------------------------------------------------------------------
Compressor    |           Wc         Pr      eta_a      eta_p         Nc        pwr   RlineMap      NcMap      PRmap      WcMap   alphaMap        SMN        SMW     effMap
-------------------------------------------------------------------------------------------------------------------------------------------------------------------------------------------------------
OD_part_pwr.fan|      294.845      1.739      0.906      0.913   5092.494  -9626.102      2.000      0.990      1.739    799.849      0.000     31.814      4.425      0.906
OD_part_pwr.lpc|       30.435      1.970      0.928      0.934   4670.361  -2282.806      2.000      1.000      1.970     87.460      0.000     13.687      9.637      0.928
OD_part_pwr.hpc|       17.306      9.480      0.872      0.904  12638.765 -11758.662      2.000      0.976      9.485     49.421      0.000     21.088     17.508      0.872
-------------------------------------------------------------------------------------------------------------------------------------------------------------------------------------------------------
---------------------------------------------------------------------------
                            BURNER PROPERTIES
---------------------------------------------------------------------------
Burner              |           dPqP        TtOut        Wfuel          FAR
OD_part_pwr.burner  |         0.0540      2979.51       0.8916      0.02467
--------------------------------------------------------------------------------------------------------------------------------------
                            TURBINE PROPERTIES
--------------------------------------------------------------------------------------------------------------------------------------
Turbine       |             Wp           PR        eff_a        eff_p           Np          pwr        NpMap        PRmap     alphaMap
OD_part_pwr.hpt|          4.552        3.615        0.889        0.873      274.801    11021.863      100.000        6.000        1.000
OD_part_pwr.lpt|         16.861        4.366        0.900        0.882      107.605    10659.707      100.000        6.000        1.000
-------------------------------------------------------------------------------------------------------------------------
                            NOZZLE PROPERTIES
-------------------------------------------------------------------------------------------------------------------------
Nozzle        |             PR           Cv          Cfg          Ath         MNth        MNout            V           Fg
OD_part_pwr.core_nozz|          2.000        0.993        N/A        128.799        1.000        1.000     1737.066     2697.331
OD_part_pwr.byp_nozz|          2.000        0.994        N/A        455.174        1.000        1.000     1091.287     8737.125
---------------------------------------------------------------------------------------------------------------------------
                            SHAFT PROPERTIES
---------------------------------------------------------------------------------------------------------------------------
Shaft               |                 Nmech               trqin              trqout               pwrin              pwrout
OD_part_pwr.hp_shaft|             15000.000            3859.202           -4117.186           11021.857          -11758.655
OD_part_pwr.lp_shaft|              5000.000           11197.191          -12509.378           10659.701          -11908.900
-------------------------------------------------------------------------------------------------------------------------
                            BLEED PROPERTIES
-------------------------------------------------------------------------------------------------------------------------
Bleed                      |         Wb/Win        Pfrac     Workfrac            W           Tt           ht           Pt
OD_part_pwr.hpc.cool1      |          0.051        0.500        0.500        2.492     1094.744      134.599      259.503
OD_part_pwr.hpc.cool2      |          0.020        0.550        0.500        0.996     1094.744      134.599      280.500
OD_part_pwr.hpc.cust       |          0.044        0.500        0.500        2.187     1094.744      134.599      259.503
OD_part_pwr.bld3.cool3     |          0.067        1.000        1.000        2.921     1443.894      224.344      469.480
OD_part_pwr.bld3.cool4     |          0.101        1.000        1.000        4.401     1443.894      224.344      469.480
OD_part_pwr.byp_bld.bypBld |          0.005        1.000        1.000        1.254      594.470       12.020       25.525



----------------------------------------------------------------------------
                              POINT: OD_part_pwr
----------------------------------------------------------------------------
                       PERFORMANCE CHARACTERISTICS
    Mach      Alt       W      Fn      Fg    Fram     OPR     TSFC      BPR 
 0.00000      0.0 300.000 11434.5 11434.5     0.0  31.978  0.28072    5.105
------------------------------------------------------------------------------------------------------------------------------------------------
                            FLOW STATIONS
------------------------------------------------------------------------------------------------------------------------------------------------
------------------------------------------------------------------------------------------------------------------------------------------------
Flow Station           |          tot:P        tot:T        tot:h        tot:S       stat:P       stat:W      stat:MN       stat:V    stat:area
------------------------------------------------------------------------------------------------------------------------------------------------
OD_part_pwr.Amb.Fl_O   |         14.696      500.000      -10.659        1.622        1.000      300.000        0.000        0.000          nan
OD_part_pwr.inlet.Fl_O |         14.681      500.000      -10.659        1.623       14.337      300.000        0.184      201.539     2750.930
OD_part_pwr.fan.Fl_O   |         25.525      594.470       12.020        1.626       25.217      300.000        0.132      157.443     2388.267
OD_part_pwr.splitter.Fl|         25.525      594.470       12.020        1.626       25.365       49.140        0.095      113.546      540.175
OD_part_pwr.splitter.Fl|         25.525      594.470       12.020        1.626       25.223      250.860        0.131      155.841     2017.239
OD_part_pwr.duct4.Fl_O |         25.403      594.470       12.020        1.627       25.241       49.140        0.096      114.102      540.160
OD_part_pwr.lpc.Fl_O   |         50.031      730.574       44.853        1.630       49.734       49.140        0.092      122.193      314.644
OD_part_pwr.duct6.Fl_O |         49.526      730.574       44.853        1.630       49.141       49.140        0.106      139.754      278.279
OD_part_pwr.hpc.Fl_O   |        469.480     1443.894      224.344        1.647      467.730       43.465        0.074      136.031       52.574
OD_part_pwr.bld3.Fl_O  |        469.480     1443.894      224.344        1.647      466.925       36.143        0.090      164.414       36.216
OD_part_pwr.burner.Fl_O|        444.128     2979.514      218.942        1.885      443.861       37.034        0.031       78.443      169.041
OD_part_pwr.hpt.Fl_O   |        122.865     2159.113       44.211        1.872      122.019       44.357        0.103      226.248      184.766
OD_part_pwr.duct11.Fl_O|        122.239     2159.113       44.211        1.873      121.620       44.357        0.088      193.857      216.439
OD_part_pwr.lpt.Fl_O   |         28.000     1527.551     -106.670        1.875       27.757       47.845        0.114      213.716      655.808
OD_part_pwr.duct13.Fl_O|         27.701     1527.551     -106.670        1.876       27.428       47.845        0.122      227.585      623.049
OD_part_pwr.core_nozz.F|         27.701     1527.551     -106.670        1.876       14.871       47.845        1.000     1737.066      128.799
OD_part_pwr.byp_bld.Fl_|         25.525      594.470       12.020        1.626       25.226      249.606        0.130      155.061     2017.081
OD_part_pwr.duct15.Fl_O|         25.145      594.470       12.020        1.627       24.840      249.606        0.132      157.734     2013.471
OD_part_pwr.byp_nozz.Fl|         25.145      594.470       12.020        1.627       13.281      249.606        1.000     1091.287      455.174
------------------------------------------------------------------------------------------------------------------------------------------------
-------------------------------------------------------------------------------------------------------------------------------------------------------------------------------------------------------
                          COMPRESSOR PROPERTIES
-------------------------------------------------------------------------------------------------------------------------------------------------------------------------------------------------------
Compressor    |           Wc         Pr      eta_a      eta_p         Nc        pwr   RlineMap      NcMap      PRmap      WcMap   alphaMap        SMN        SMW     effMap
-------------------------------------------------------------------------------------------------------------------------------------------------------------------------------------------------------
OD_part_pwr.fan|      294.845      1.739      0.906      0.913   5092.494  -9626.102      2.000      0.990      1.739    799.849      0.000     31.814      4.425      0.906
OD_part_pwr.lpc|       30.435      1.970      0.928      0.934   4670.361  -2282.806      2.000      1.000      1.970     87.460      0.000     13.687      9.637      0.928
OD_part_pwr.hpc|       17.306      9.480      0.872      0.904  12638.765 -11758.662      2.000      0.976      9.485     49.421      0.000     21.088     17.508      0.872
-------------------------------------------------------------------------------------------------------------------------------------------------------------------------------------------------------
---------------------------------------------------------------------------
                            BURNER PROPERTIES
---------------------------------------------------------------------------
Burner              |           dPqP        TtOut        Wfuel          FAR
OD_part_pwr.burner  |         0.0540      2979.51       0.8916      0.02467
--------------------------------------------------------------------------------------------------------------------------------------
                            TURBINE PROPERTIES
--------------------------------------------------------------------------------------------------------------------------------------
Turbine       |             Wp           PR        eff_a        eff_p           Np          pwr        NpMap        PRmap     alphaMap
OD_part_pwr.hpt|          4.552        3.615        0.889        0.873      274.801    11021.863      100.000        6.000        1.000
OD_part_pwr.lpt|         16.861        4.366        0.900        0.882      107.605    10659.707      100.000        6.000        1.000
-------------------------------------------------------------------------------------------------------------------------
                            NOZZLE PROPERTIES
-------------------------------------------------------------------------------------------------------------------------
Nozzle        |             PR           Cv          Cfg          Ath         MNth        MNout            V           Fg
OD_part_pwr.core_nozz|          2.000        0.993        N/A        128.799        1.000        1.000     1737.066     2697.331
OD_part_pwr.byp_nozz|          2.000        0.994        N/A        455.174        1.000        1.000     1091.287     8737.125
---------------------------------------------------------------------------------------------------------------------------
                            SHAFT PROPERTIES
---------------------------------------------------------------------------------------------------------------------------
Shaft               |                 Nmech               trqin              trqout               pwrin              pwrout
OD_part_pwr.hp_shaft|             15000.000            3859.202           -4117.186           11021.857          -11758.655
OD_part_pwr.lp_shaft|              5000.000           11197.191          -12509.378           10659.701          -11908.900
-------------------------------------------------------------------------------------------------------------------------
                            BLEED PROPERTIES
-------------------------------------------------------------------------------------------------------------------------
Bleed                      |         Wb/Win        Pfrac     Workfrac            W           Tt           ht           Pt
OD_part_pwr.hpc.cool1      |          0.051        0.500        0.500        2.492     1094.744      134.599      259.503
OD_part_pwr.hpc.cool2      |          0.020        0.550        0.500        0.996     1094.744      134.599      280.500
OD_part_pwr.hpc.cust       |          0.044        0.500        0.500        2.187     1094.744      134.599      259.503
OD_part_pwr.bld3.cool3     |          0.067        1.000        1.000        2.921     1443.894      224.344      469.480
OD_part_pwr.bld3.cool4     |          0.101        1.000        1.000        4.401     1443.894      224.344      469.480
OD_part_pwr.byp_bld.bypBld |          0.005        1.000        1.000        1.254      594.470       12.020       25.525



----------------------------------------------------------------------------
                              POINT: OD_part_pwr
----------------------------------------------------------------------------
                       PERFORMANCE CHARACTERISTICS
    Mach      Alt       W      Fn      Fg    Fram     OPR     TSFC      BPR 
 0.00000      0.0 300.000 11434.5 11434.5     0.0  31.978  0.28072    5.105
------------------------------------------------------------------------------------------------------------------------------------------------
                            FLOW STATIONS
------------------------------------------------------------------------------------------------------------------------------------------------
------------------------------------------------------------------------------------------------------------------------------------------------
Flow Station           |          tot:P        tot:T        tot:h        tot:S       stat:P       stat:W      stat:MN       stat:V    stat:area
------------------------------------------------------------------------------------------------------------------------------------------------
OD_part_pwr.Amb.Fl_O   |         14.696      500.000      -10.659        1.622        1.000      300.000        0.000        0.000          nan
OD_part_pwr.inlet.Fl_O |         14.681      500.000      -10.659        1.623       14.337      300.000        0.184      201.539     2750.930
OD_part_pwr.fan.Fl_O   |         25.525      594.470       12.020        1.626       25.217      300.000        0.132      157.443     2388.267
OD_part_pwr.splitter.Fl|         25.525      594.470       12.020        1.626       25.365       49.140        0.095      113.546      540.175
OD_part_pwr.splitter.Fl|         25.525      594.470       12.020        1.626       25.223      250.860        0.131      155.841     2017.239
OD_part_pwr.duct4.Fl_O |         25.403      594.470       12.020        1.627       25.241       49.140        0.096      114.102      540.160
OD_part_pwr.lpc.Fl_O   |         50.031      730.574       44.853        1.630       49.734       49.140        0.092      122.193      314.644
OD_part_pwr.duct6.Fl_O |         49.526      730.574       44.853        1.630       49.141       49.140        0.106      139.754      278.279
OD_part_pwr.hpc.Fl_O   |        469.480     1443.894      224.344        1.647      467.730       43.465        0.074      136.031       52.574
OD_part_pwr.bld3.Fl_O  |        469.480     1443.894      224.344        1.647      466.925       36.143        0.090      164.414       36.216
OD_part_pwr.burner.Fl_O|        444.128     2979.514      218.942        1.885      443.861       37.034        0.031       78.443      169.041
OD_part_pwr.hpt.Fl_O   |        122.865     2159.113       44.211        1.872      122.019       44.357        0.103      226.248      184.766
OD_part_pwr.duct11.Fl_O|        122.239     2159.113       44.211        1.873      121.620       44.357        0.088      193.857      216.439
OD_part_pwr.lpt.Fl_O   |         28.000     1527.551     -106.670        1.875       27.757       47.845        0.114      213.716      655.808
OD_part_pwr.duct13.Fl_O|         27.701     1527.551     -106.670        1.876       27.428       47.845        0.122      227.585      623.049
OD_part_pwr.core_nozz.F|         27.701     1527.551     -106.670        1.876       14.871       47.845        1.000     1737.066      128.799
OD_part_pwr.byp_bld.Fl_|         25.525      594.470       12.020        1.626       25.226      249.606        0.130      155.061     2017.081
OD_part_pwr.duct15.Fl_O|         25.145      594.470       12.020        1.627       24.840      249.606        0.132      157.734     2013.471
OD_part_pwr.byp_nozz.Fl|         25.145      594.470       12.020        1.627       13.281      249.606        1.000     1091.287      455.174
------------------------------------------------------------------------------------------------------------------------------------------------
-------------------------------------------------------------------------------------------------------------------------------------------------------------------------------------------------------
                          COMPRESSOR PROPERTIES
-------------------------------------------------------------------------------------------------------------------------------------------------------------------------------------------------------
Compressor    |           Wc         Pr      eta_a      eta_p         Nc        pwr   RlineMap      NcMap      PRmap      WcMap   alphaMap        SMN        SMW     effMap
-------------------------------------------------------------------------------------------------------------------------------------------------------------------------------------------------------
OD_part_pwr.fan|      294.845      1.739      0.906      0.913   5092.494  -9626.102      2.000      0.990      1.739    799.849      0.000     31.814      4.425      0.906
OD_part_pwr.lpc|       30.435      1.970      0.928      0.934   4670.361  -2282.806      2.000      1.000      1.970     87.460      0.000     13.687      9.637      0.928
OD_part_pwr.hpc|       17.306      9.480      0.872      0.904  12638.765 -11758.662      2.000      0.976      9.485     49.421      0.000     21.088     17.508      0.872
-------------------------------------------------------------------------------------------------------------------------------------------------------------------------------------------------------
---------------------------------------------------------------------------
                            BURNER PROPERTIES
---------------------------------------------------------------------------
Burner              |           dPqP        TtOut        Wfuel          FAR
OD_part_pwr.burner  |         0.0540      2979.51       0.8916      0.02467
--------------------------------------------------------------------------------------------------------------------------------------
                            TURBINE PROPERTIES
--------------------------------------------------------------------------------------------------------------------------------------
Turbine       |             Wp           PR        eff_a        eff_p           Np          pwr        NpMap        PRmap     alphaMap
OD_part_pwr.hpt|          4.552        3.615        0.889        0.873      274.801    11021.863      100.000        6.000        1.000
OD_part_pwr.lpt|         16.861        4.366        0.900        0.882      107.605    10659.707      100.000        6.000        1.000
-------------------------------------------------------------------------------------------------------------------------
                            NOZZLE PROPERTIES
-------------------------------------------------------------------------------------------------------------------------
Nozzle        |             PR           Cv          Cfg          Ath         MNth        MNout            V           Fg
OD_part_pwr.core_nozz|          2.000        0.993        N/A        128.799        1.000        1.000     1737.066     2697.331
OD_part_pwr.byp_nozz|          2.000        0.994        N/A        455.174        1.000        1.000     1091.287     8737.125
---------------------------------------------------------------------------------------------------------------------------
                            SHAFT PROPERTIES
---------------------------------------------------------------------------------------------------------------------------
Shaft               |                 Nmech               trqin              trqout               pwrin              pwrout
OD_part_pwr.hp_shaft|             15000.000            3859.202           -4117.186           11021.857          -11758.655
OD_part_pwr.lp_shaft|              5000.000           11197.191          -12509.378           10659.701          -11908.900
-------------------------------------------------------------------------------------------------------------------------
                            BLEED PROPERTIES
-------------------------------------------------------------------------------------------------------------------------
Bleed                      |         Wb/Win        Pfrac     Workfrac            W           Tt           ht           Pt
OD_part_pwr.hpc.cool1      |          0.051        0.500        0.500        2.492     1094.744      134.599      259.503
OD_part_pwr.hpc.cool2      |          0.020        0.550        0.500        0.996     1094.744      134.599      280.500
OD_part_pwr.hpc.cust       |          0.044        0.500        0.500        2.187     1094.744      134.599      259.503
OD_part_pwr.bld3.cool3     |          0.067        1.000        1.000        2.921     1443.894      224.344      469.480
OD_part_pwr.bld3.cool4     |          0.101        1.000        1.000        4.401     1443.894      224.344      469.480
OD_part_pwr.byp_bld.bypBld |          0.005        1.000        1.000        1.254      594.470       12.020       25.525



----------------------------------------------------------------------------
                              POINT: OD_part_pwr
----------------------------------------------------------------------------
                       PERFORMANCE CHARACTERISTICS
    Mach      Alt       W      Fn      Fg    Fram     OPR     TSFC      BPR 
 0.00000      0.0 300.000 11434.5 11434.5     0.0  31.978  0.28072    5.105
------------------------------------------------------------------------------------------------------------------------------------------------
                            FLOW STATIONS
------------------------------------------------------------------------------------------------------------------------------------------------
------------------------------------------------------------------------------------------------------------------------------------------------
Flow Station           |          tot:P        tot:T        tot:h        tot:S       stat:P       stat:W      stat:MN       stat:V    stat:area
------------------------------------------------------------------------------------------------------------------------------------------------
OD_part_pwr.Amb.Fl_O   |         14.696      500.000      -10.659        1.622        1.000      300.000        0.000        0.000          nan
OD_part_pwr.inlet.Fl_O |         14.681      500.000      -10.659        1.623       14.337      300.000        0.184      201.539     2750.930
OD_part_pwr.fan.Fl_O   |         25.525      594.470       12.020        1.626       25.217      300.000        0.132      157.443     2388.267
OD_part_pwr.splitter.Fl|         25.525      594.470       12.020        1.626       25.365       49.140        0.095      113.546      540.175
OD_part_pwr.splitter.Fl|         25.525      594.470       12.020        1.626       25.223      250.860        0.131      155.841     2017.239
OD_part_pwr.duct4.Fl_O |         25.403      594.470       12.020        1.627       25.241       49.140        0.096      114.102      540.160
OD_part_pwr.lpc.Fl_O   |         50.031      730.574       44.853        1.630       49.734       49.140        0.092      122.193      314.644
OD_part_pwr.duct6.Fl_O |         49.526      730.574       44.853        1.630       49.141       49.140        0.106      139.754      278.279
OD_part_pwr.hpc.Fl_O   |        469.480     1443.894      224.344        1.647      467.730       43.465        0.074      136.031       52.574
OD_part_pwr.bld3.Fl_O  |        469.480     1443.894      224.344        1.647      466.925       36.143        0.090      164.414       36.216
OD_part_pwr.burner.Fl_O|        444.128     2979.514      218.942        1.885      443.861       37.034        0.031       78.443      169.041
OD_part_pwr.hpt.Fl_O   |        122.865     2159.113       44.211        1.872      122.019       44.357        0.103      226.248      184.766
OD_part_pwr.duct11.Fl_O|        122.239     2159.113       44.211        1.873      121.620       44.357        0.088      193.857      216.439
OD_part_pwr.lpt.Fl_O   |         28.000     1527.551     -106.670        1.875       27.757       47.845        0.114      213.716      655.808
OD_part_pwr.duct13.Fl_O|         27.701     1527.551     -106.670        1.876       27.428       47.845        0.122      227.585      623.049
OD_part_pwr.core_nozz.F|         27.701     1527.551     -106.670        1.876       14.871       47.845        1.000     1737.066      128.799
OD_part_pwr.byp_bld.Fl_|         25.525      594.470       12.020        1.626       25.226      249.606        0.130      155.061     2017.081
OD_part_pwr.duct15.Fl_O|         25.145      594.470       12.020        1.627       24.840      249.606        0.132      157.734     2013.471
OD_part_pwr.byp_nozz.Fl|         25.145      594.470       12.020        1.627       13.281      249.606        1.000     1091.287      455.174
------------------------------------------------------------------------------------------------------------------------------------------------
-------------------------------------------------------------------------------------------------------------------------------------------------------------------------------------------------------
                          COMPRESSOR PROPERTIES
-------------------------------------------------------------------------------------------------------------------------------------------------------------------------------------------------------
Compressor    |           Wc         Pr      eta_a      eta_p         Nc        pwr   RlineMap      NcMap      PRmap      WcMap   alphaMap        SMN        SMW     effMap
-------------------------------------------------------------------------------------------------------------------------------------------------------------------------------------------------------
OD_part_pwr.fan|      294.845      1.739      0.906      0.913   5092.494  -9626.102      2.000      0.990      1.739    799.849      0.000     31.814      4.425      0.906
OD_part_pwr.lpc|       30.435      1.970      0.928      0.934   4670.361  -2282.806      2.000      1.000      1.970     87.460      0.000     13.687      9.637      0.928
OD_part_pwr.hpc|       17.306      9.480      0.872      0.904  12638.765 -11758.662      2.000      0.976      9.485     49.421      0.000     21.088     17.508      0.872
-------------------------------------------------------------------------------------------------------------------------------------------------------------------------------------------------------
---------------------------------------------------------------------------
                            BURNER PROPERTIES
---------------------------------------------------------------------------
Burner              |           dPqP        TtOut        Wfuel          FAR
OD_part_pwr.burner  |         0.0540      2979.51       0.8916      0.02467
--------------------------------------------------------------------------------------------------------------------------------------
                            TURBINE PROPERTIES
--------------------------------------------------------------------------------------------------------------------------------------
Turbine       |             Wp           PR        eff_a        eff_p           Np          pwr        NpMap        PRmap     alphaMap
OD_part_pwr.hpt|          4.552        3.615        0.889        0.873      274.801    11021.863      100.000        6.000        1.000
OD_part_pwr.lpt|         16.861        4.366        0.900        0.882      107.605    10659.707      100.000        6.000        1.000
-------------------------------------------------------------------------------------------------------------------------
                            NOZZLE PROPERTIES
-------------------------------------------------------------------------------------------------------------------------
Nozzle        |             PR           Cv          Cfg          Ath         MNth        MNout            V           Fg
OD_part_pwr.core_nozz|          2.000        0.993        N/A        128.799        1.000        1.000     1737.066     2697.331
OD_part_pwr.byp_nozz|          2.000        0.994        N/A        455.174        1.000        1.000     1091.287     8737.125
---------------------------------------------------------------------------------------------------------------------------
                            SHAFT PROPERTIES
---------------------------------------------------------------------------------------------------------------------------
Shaft               |                 Nmech               trqin              trqout               pwrin              pwrout
OD_part_pwr.hp_shaft|             15000.000            3859.202           -4117.186           11021.857          -11758.655
OD_part_pwr.lp_shaft|              5000.000           11197.191          -12509.378           10659.701          -11908.900
-------------------------------------------------------------------------------------------------------------------------
                            BLEED PROPERTIES
-------------------------------------------------------------------------------------------------------------------------
Bleed                      |         Wb/Win        Pfrac     Workfrac            W           Tt           ht           Pt
OD_part_pwr.hpc.cool1      |          0.051        0.500        0.500        2.492     1094.744      134.599      259.503
OD_part_pwr.hpc.cool2      |          0.020        0.550        0.500        0.996     1094.744      134.599      280.500
OD_part_pwr.hpc.cust       |          0.044        0.500        0.500        2.187     1094.744      134.599      259.503
OD_part_pwr.bld3.cool3     |          0.067        1.000        1.000        2.921     1443.894      224.344      469.480
OD_part_pwr.bld3.cool4     |          0.101        1.000        1.000        4.401     1443.894      224.344      469.480
OD_part_pwr.byp_bld.bypBld |          0.005        1.000        1.000        1.254      594.470       12.020       25.525
